<?xml version="1.0" encoding="UTF-8"?>
<!-- Generated by org.testng.reporters.JUnitXMLReporter -->
<testsuite hostname="RAC-L-BPSY9G2" name="Test-chrome-Web" tests="2" failures="1" timestamp="4 Apr 2017 14:32:12 GMT" time="7.394" errors="0">
  <testcase name="@BeforeClass beforeClass" time="0.0" classname="com.web.automation.scripts.LoginValidations">
    <failure type="java.lang.AssertionError" message="Unknown Environment :uat">
      <![CDATA[java.lang.AssertionError: Unknown Environment :uat
	at com.web.automation.utilities.ConfigManager.UpdateProperties(ConfigManager.java:101)
	at com.web.automation.accelerators.TestEngineWeb.beforeClass(TestEngineWeb.java:800)
	at java.util.concurrent.FutureTask.run(Unknown Source)
	at java.util.concurrent.ThreadPoolExecutor.runWorker(Unknown Source)
	at java.util.concurrent.ThreadPoolExecutor$Worker.run(Unknown Source)
	at java.lang.Thread.run(Unknown Source)
... Removed 17 stack frames]]>
    </failure>
  </testcase> <!-- @BeforeClass beforeClass -->
  <testcase name="@BeforeMethod beforeMethod" time="0.0" classname="com.web.automation.scripts.LoginValidations">
    <failure type="java.lang.NullPointerException">
      <![CDATA[java.lang.NullPointerException
	at com.web.automation.accelerators.TestEngineWeb.beforeMethod(TestEngineWeb.java:947)
	at java.util.concurrent.FutureTask.run(Unknown Source)
	at java.util.concurrent.ThreadPoolExecutor.runWorker(Unknown Source)
	at java.util.concurrent.ThreadPoolExecutor$Worker.run(Unknown Source)
	at java.lang.Thread.run(Unknown Source)
... Removed 18 stack frames]]>
    </failure>
  </testcase> <!-- @BeforeMethod beforeMethod -->
  <testcase name="Login" time="0.003" classname="com.web.automation.scripts.LoginValidations">
    <skipped/>
  </testcase> <!-- Login -->
  <testcase name="Login" time="0.733" classname="com.web.automation.scripts.LoginValidations">
    <failure type="java.lang.NullPointerException">
      <![CDATA[java.lang.NullPointerException
	at com.web.automation.listeners.ExecutionListener.onTestSkipped(ExecutionListener.java:77)
	at java.util.concurrent.FutureTask.run(Unknown Source)
	at java.util.concurrent.ThreadPoolExecutor.runWorker(Unknown Source)
	at java.util.concurrent.ThreadPoolExecutor$Worker.run(Unknown Source)
	at java.lang.Thread.run(Unknown Source)
... Removed 13 stack frames]]>
    </failure>
  </testcase> <!-- Login -->
</testsuite> <!-- Test-chrome-Web -->
