<?xml version="1.0" encoding="UTF-8"?>
<!-- Generated by org.testng.reporters.JUnitXMLReporter -->
<testsuite hostname="HW2076" name="Test-mobile-native1" tests="18" failures="9" timestamp="21 Mar 2018 11:10:06 GMT" time="5.394" errors="0">
  <testcase name="@BeforeClass beforeClass" time="0.0" classname="com.web.automation.scripts.Ecom_GetApproved_HomePage">
    <failure type="java.lang.NullPointerException">
      <![CDATA[java.lang.NullPointerException
	at com.web.automation.accelerators.TestEngineWeb.beforeClass(TestEngineWeb.java:879)
	at java.util.concurrent.ThreadPoolExecutor.runWorker(Unknown Source)
	at java.util.concurrent.ThreadPoolExecutor$Worker.run(Unknown Source)
	at java.lang.Thread.run(Unknown Source)
... Removed 10 stack frames]]>
    </failure>
  </testcase> <!-- @BeforeClass beforeClass -->
  <testcase name="@BeforeClass beforeClass" time="0.0" classname="com.web.automation.scripts.Ecom_GetApproved_PDPPage">
    <failure type="java.lang.NullPointerException">
      <![CDATA[java.lang.NullPointerException
	at com.web.automation.accelerators.TestEngineWeb.beforeClass(TestEngineWeb.java:879)
	at java.util.concurrent.ThreadPoolExecutor.runWorker(Unknown Source)
	at java.util.concurrent.ThreadPoolExecutor$Worker.run(Unknown Source)
	at java.lang.Thread.run(Unknown Source)
... Removed 10 stack frames]]>
    </failure>
  </testcase> <!-- @BeforeClass beforeClass -->
  <testcase name="@BeforeMethod beforeMethod" time="0.0" classname="com.web.automation.scripts.Ecom_GetApproved_HomePage">
    <failure type="java.lang.NullPointerException">
      <![CDATA[java.lang.NullPointerException
	at com.web.automation.accelerators.TestEngineWeb.beforeMethod(TestEngineWeb.java:934)
	at java.util.concurrent.ThreadPoolExecutor.runWorker(Unknown Source)
	at java.util.concurrent.ThreadPoolExecutor$Worker.run(Unknown Source)
	at java.lang.Thread.run(Unknown Source)
... Removed 12 stack frames]]>
    </failure>
  </testcase> <!-- @BeforeMethod beforeMethod -->
  <testcase name="@BeforeMethod beforeMethod" time="0.0" classname="com.web.automation.scripts.Ecom_GetApproved_PDPPage">
    <failure type="java.lang.NullPointerException">
      <![CDATA[java.lang.NullPointerException
	at com.web.automation.accelerators.TestEngineWeb.beforeMethod(TestEngineWeb.java:934)
	at java.util.concurrent.ThreadPoolExecutor.runWorker(Unknown Source)
	at java.util.concurrent.ThreadPoolExecutor$Worker.run(Unknown Source)
	at java.lang.Thread.run(Unknown Source)
... Removed 12 stack frames]]>
    </failure>
  </testcase> <!-- @BeforeMethod beforeMethod -->
  <testcase name="@AfterClass afterClass" time="0.0" classname="com.web.automation.scripts.Ecom_GetApproved_HomePage">
    <failure type="java.lang.NullPointerException">
      <![CDATA[java.lang.NullPointerException
	at com.web.automation.accelerators.TestEngineWeb.afterClass(TestEngineWeb.java:920)
	at java.util.concurrent.ThreadPoolExecutor.runWorker(Unknown Source)
	at java.util.concurrent.ThreadPoolExecutor$Worker.run(Unknown Source)
	at java.lang.Thread.run(Unknown Source)
... Removed 10 stack frames]]>
    </failure>
  </testcase> <!-- @AfterClass afterClass -->
  <testcase name="@BeforeClass beforeClass" time="0.0" classname="com.web.automation.scripts.Ecom_SetStore_ChangeBaseStore">
    <failure type="java.lang.NullPointerException">
      <![CDATA[java.lang.NullPointerException
	at com.web.automation.accelerators.TestEngineWeb.beforeClass(TestEngineWeb.java:879)
	at java.util.concurrent.ThreadPoolExecutor.runWorker(Unknown Source)
	at java.util.concurrent.ThreadPoolExecutor$Worker.run(Unknown Source)
	at java.lang.Thread.run(Unknown Source)
... Removed 10 stack frames]]>
    </failure>
  </testcase> <!-- @BeforeClass beforeClass -->
  <testcase name="@BeforeMethod beforeMethod" time="0.0" classname="com.web.automation.scripts.Ecom_SetStore_ChangeBaseStore">
    <failure type="java.lang.NullPointerException">
      <![CDATA[java.lang.NullPointerException
	at com.web.automation.accelerators.TestEngineWeb.beforeMethod(TestEngineWeb.java:934)
	at java.util.concurrent.ThreadPoolExecutor.runWorker(Unknown Source)
	at java.util.concurrent.ThreadPoolExecutor$Worker.run(Unknown Source)
	at java.lang.Thread.run(Unknown Source)
... Removed 12 stack frames]]>
    </failure>
  </testcase> <!-- @BeforeMethod beforeMethod -->
  <testcase name="@AfterClass afterClass" time="0.0" classname="com.web.automation.scripts.Ecom_SetStore_ChangeBaseStore">
    <failure type="java.lang.NullPointerException">
      <![CDATA[java.lang.NullPointerException
	at com.web.automation.accelerators.TestEngineWeb.afterClass(TestEngineWeb.java:920)
	at java.util.concurrent.ThreadPoolExecutor.runWorker(Unknown Source)
	at java.util.concurrent.ThreadPoolExecutor$Worker.run(Unknown Source)
	at java.lang.Thread.run(Unknown Source)
... Removed 10 stack frames]]>
    </failure>
  </testcase> <!-- @AfterClass afterClass -->
  <testcase name="@BeforeClass beforeClass" time="0.0" classname="com.web.automation.scripts.Ecom_SetStore_InvalidZipCode">
    <failure type="java.lang.NullPointerException">
      <![CDATA[java.lang.NullPointerException
	at com.web.automation.accelerators.TestEngineWeb.beforeClass(TestEngineWeb.java:879)
	at java.util.concurrent.ThreadPoolExecutor.runWorker(Unknown Source)
	at java.util.concurrent.ThreadPoolExecutor$Worker.run(Unknown Source)
	at java.lang.Thread.run(Unknown Source)
... Removed 10 stack frames]]>
    </failure>
  </testcase> <!-- @BeforeClass beforeClass -->
  <testcase name="@BeforeMethod beforeMethod" time="0.0" classname="com.web.automation.scripts.Ecom_SetStore_InvalidZipCode">
    <failure type="java.lang.NullPointerException">
      <![CDATA[java.lang.NullPointerException
	at com.web.automation.accelerators.TestEngineWeb.beforeMethod(TestEngineWeb.java:934)
	at java.util.concurrent.ThreadPoolExecutor.runWorker(Unknown Source)
	at java.util.concurrent.ThreadPoolExecutor$Worker.run(Unknown Source)
	at java.lang.Thread.run(Unknown Source)
... Removed 12 stack frames]]>
    </failure>
  </testcase> <!-- @BeforeMethod beforeMethod -->
  <testcase name="@AfterClass afterClass" time="0.0" classname="com.web.automation.scripts.Ecom_SetStore_InvalidZipCode">
    <failure type="java.lang.NullPointerException">
      <![CDATA[java.lang.NullPointerException
	at com.web.automation.accelerators.TestEngineWeb.afterClass(TestEngineWeb.java:920)
	at java.util.concurrent.ThreadPoolExecutor.runWorker(Unknown Source)
	at java.util.concurrent.ThreadPoolExecutor$Worker.run(Unknown Source)
	at java.lang.Thread.run(Unknown Source)
... Removed 10 stack frames]]>
    </failure>
  </testcase> <!-- @AfterClass afterClass -->
  <testcase name="@BeforeClass beforeClass" time="0.0" classname="com.web.automation.scripts.Ecom_SetStore_ValidZipCode">
    <failure type="java.lang.NullPointerException">
      <![CDATA[java.lang.NullPointerException
	at com.web.automation.accelerators.TestEngineWeb.beforeClass(TestEngineWeb.java:879)
	at java.util.concurrent.ThreadPoolExecutor.runWorker(Unknown Source)
	at java.util.concurrent.ThreadPoolExecutor$Worker.run(Unknown Source)
	at java.lang.Thread.run(Unknown Source)
... Removed 10 stack frames]]>
    </failure>
  </testcase> <!-- @BeforeClass beforeClass -->
  <testcase name="@BeforeMethod beforeMethod" time="0.0" classname="com.web.automation.scripts.Ecom_SetStore_ValidZipCode">
    <failure type="java.lang.NullPointerException">
      <![CDATA[java.lang.NullPointerException
	at com.web.automation.accelerators.TestEngineWeb.beforeMethod(TestEngineWeb.java:934)
	at java.util.concurrent.ThreadPoolExecutor.runWorker(Unknown Source)
	at java.util.concurrent.ThreadPoolExecutor$Worker.run(Unknown Source)
	at java.lang.Thread.run(Unknown Source)
... Removed 12 stack frames]]>
    </failure>
  </testcase> <!-- @BeforeMethod beforeMethod -->
  <testcase name="@AfterClass afterClass" time="0.0" classname="com.web.automation.scripts.Ecom_SetStore_ValidZipCode">
    <failure type="java.lang.NullPointerException">
      <![CDATA[java.lang.NullPointerException
	at com.web.automation.accelerators.TestEngineWeb.afterClass(TestEngineWeb.java:920)
	at java.util.concurrent.ThreadPoolExecutor.runWorker(Unknown Source)
	at java.util.concurrent.ThreadPoolExecutor$Worker.run(Unknown Source)
	at java.lang.Thread.run(Unknown Source)
... Removed 10 stack frames]]>
    </failure>
  </testcase> <!-- @AfterClass afterClass -->
  <testcase name="@BeforeClass beforeClass" time="0.0" classname="com.web.automation.scripts.Ecom_SetStore_WithoutZip">
    <failure type="java.lang.NullPointerException">
      <![CDATA[java.lang.NullPointerException
	at com.web.automation.accelerators.TestEngineWeb.beforeClass(TestEngineWeb.java:879)
	at java.util.concurrent.ThreadPoolExecutor.runWorker(Unknown Source)
	at java.util.concurrent.ThreadPoolExecutor$Worker.run(Unknown Source)
	at java.lang.Thread.run(Unknown Source)
... Removed 10 stack frames]]>
    </failure>
  </testcase> <!-- @BeforeClass beforeClass -->
  <testcase name="@BeforeMethod beforeMethod" time="0.0" classname="com.web.automation.scripts.Ecom_SetStore_WithoutZip">
    <failure type="java.lang.NullPointerException">
      <![CDATA[java.lang.NullPointerException
	at com.web.automation.accelerators.TestEngineWeb.beforeMethod(TestEngineWeb.java:934)
	at java.util.concurrent.ThreadPoolExecutor.runWorker(Unknown Source)
	at java.util.concurrent.ThreadPoolExecutor$Worker.run(Unknown Source)
	at java.lang.Thread.run(Unknown Source)
... Removed 12 stack frames]]>
    </failure>
  </testcase> <!-- @BeforeMethod beforeMethod -->
  <testcase name="@AfterClass afterClass" time="0.0" classname="com.web.automation.scripts.Ecom_SetStore_WithoutZip">
    <failure type="java.lang.NullPointerException">
      <![CDATA[java.lang.NullPointerException
	at com.web.automation.accelerators.TestEngineWeb.afterClass(TestEngineWeb.java:920)
	at java.util.concurrent.ThreadPoolExecutor.runWorker(Unknown Source)
	at java.util.concurrent.ThreadPoolExecutor$Worker.run(Unknown Source)
	at java.lang.Thread.run(Unknown Source)
... Removed 10 stack frames]]>
    </failure>
  </testcase> <!-- @AfterClass afterClass -->
  <testcase name="@BeforeClass beforeClass" time="0.0" classname="com.web.automation.scripts.Ecom_VirtualApproval_Approved">
    <failure type="java.lang.NullPointerException">
      <![CDATA[java.lang.NullPointerException
	at com.web.automation.accelerators.TestEngineWeb.beforeClass(TestEngineWeb.java:879)
	at java.util.concurrent.ThreadPoolExecutor.runWorker(Unknown Source)
	at java.util.concurrent.ThreadPoolExecutor$Worker.run(Unknown Source)
	at java.lang.Thread.run(Unknown Source)
... Removed 10 stack frames]]>
    </failure>
  </testcase> <!-- @BeforeClass beforeClass -->
  <testcase name="@BeforeMethod beforeMethod" time="0.0" classname="com.web.automation.scripts.Ecom_VirtualApproval_Approved">
    <failure type="java.lang.NullPointerException">
      <![CDATA[java.lang.NullPointerException
	at com.web.automation.accelerators.TestEngineWeb.beforeMethod(TestEngineWeb.java:934)
	at java.util.concurrent.ThreadPoolExecutor.runWorker(Unknown Source)
	at java.util.concurrent.ThreadPoolExecutor$Worker.run(Unknown Source)
	at java.lang.Thread.run(Unknown Source)
... Removed 12 stack frames]]>
    </failure>
  </testcase> <!-- @BeforeMethod beforeMethod -->
  <testcase name="@AfterClass afterClass" time="0.0" classname="com.web.automation.scripts.Ecom_GetApproved_PDPPage">
    <failure type="java.lang.NullPointerException">
      <![CDATA[java.lang.NullPointerException
	at com.web.automation.accelerators.TestEngineWeb.afterClass(TestEngineWeb.java:920)
	at java.util.concurrent.ThreadPoolExecutor.runWorker(Unknown Source)
	at java.util.concurrent.ThreadPoolExecutor$Worker.run(Unknown Source)
	at java.lang.Thread.run(Unknown Source)
... Removed 10 stack frames]]>
    </failure>
  </testcase> <!-- @AfterClass afterClass -->
  <testcase name="@BeforeClass beforeClass" time="0.0" classname="com.web.automation.scripts.Ecom_VirtualApproval_Conditional">
    <failure type="java.lang.NullPointerException">
      <![CDATA[java.lang.NullPointerException
	at com.web.automation.accelerators.TestEngineWeb.beforeClass(TestEngineWeb.java:879)
	at java.util.concurrent.ThreadPoolExecutor.runWorker(Unknown Source)
	at java.util.concurrent.ThreadPoolExecutor$Worker.run(Unknown Source)
	at java.lang.Thread.run(Unknown Source)
... Removed 10 stack frames]]>
    </failure>
  </testcase> <!-- @BeforeClass beforeClass -->
  <testcase name="@BeforeMethod beforeMethod" time="0.0" classname="com.web.automation.scripts.Ecom_VirtualApproval_Conditional">
    <failure type="java.lang.NullPointerException">
      <![CDATA[java.lang.NullPointerException
	at com.web.automation.accelerators.TestEngineWeb.beforeMethod(TestEngineWeb.java:934)
	at java.util.concurrent.ThreadPoolExecutor.runWorker(Unknown Source)
	at java.util.concurrent.ThreadPoolExecutor$Worker.run(Unknown Source)
	at java.lang.Thread.run(Unknown Source)
... Removed 12 stack frames]]>
    </failure>
  </testcase> <!-- @BeforeMethod beforeMethod -->
  <testcase name="@AfterClass afterClass" time="0.0" classname="com.web.automation.scripts.Ecom_VirtualApproval_Approved">
    <failure type="java.lang.NullPointerException">
      <![CDATA[java.lang.NullPointerException
	at com.web.automation.accelerators.TestEngineWeb.afterClass(TestEngineWeb.java:920)
	at java.util.concurrent.ThreadPoolExecutor.runWorker(Unknown Source)
	at java.util.concurrent.ThreadPoolExecutor$Worker.run(Unknown Source)
	at java.lang.Thread.run(Unknown Source)
... Removed 10 stack frames]]>
    </failure>
  </testcase> <!-- @AfterClass afterClass -->
  <testcase name="@BeforeClass beforeClass" time="0.0" classname="com.web.automation.scripts.Ecom_VirtualApproval_Declined">
    <failure type="java.lang.NullPointerException">
      <![CDATA[java.lang.NullPointerException
	at com.web.automation.accelerators.TestEngineWeb.beforeClass(TestEngineWeb.java:879)
	at java.util.concurrent.ThreadPoolExecutor.runWorker(Unknown Source)
	at java.util.concurrent.ThreadPoolExecutor$Worker.run(Unknown Source)
	at java.lang.Thread.run(Unknown Source)
... Removed 9 stack frames]]>
    </failure>
  </testcase> <!-- @BeforeClass beforeClass -->
  <testcase name="@BeforeMethod beforeMethod" time="0.0" classname="com.web.automation.scripts.Ecom_VirtualApproval_Declined">
    <failure type="java.lang.NullPointerException">
      <![CDATA[java.lang.NullPointerException
	at com.web.automation.accelerators.TestEngineWeb.beforeMethod(TestEngineWeb.java:934)
	at java.util.concurrent.ThreadPoolExecutor.runWorker(Unknown Source)
	at java.util.concurrent.ThreadPoolExecutor$Worker.run(Unknown Source)
	at java.lang.Thread.run(Unknown Source)
... Removed 11 stack frames]]>
    </failure>
  </testcase> <!-- @BeforeMethod beforeMethod -->
  <testcase name="@AfterClass afterClass" time="0.0" classname="com.web.automation.scripts.Ecom_VirtualApproval_Conditional">
    <failure type="java.lang.NullPointerException">
      <![CDATA[java.lang.NullPointerException
	at com.web.automation.accelerators.TestEngineWeb.afterClass(TestEngineWeb.java:920)
	at java.util.concurrent.ThreadPoolExecutor.runWorker(Unknown Source)
	at java.util.concurrent.ThreadPoolExecutor$Worker.run(Unknown Source)
	at java.lang.Thread.run(Unknown Source)
... Removed 10 stack frames]]>
    </failure>
  </testcase> <!-- @AfterClass afterClass -->
  <testcase name="@AfterClass afterClass" time="0.0" classname="com.web.automation.scripts.Ecom_VirtualApproval_Declined">
    <failure type="java.lang.NullPointerException">
      <![CDATA[java.lang.NullPointerException
	at com.web.automation.accelerators.TestEngineWeb.afterClass(TestEngineWeb.java:920)
	at java.util.concurrent.ThreadPoolExecutor.runWorker(Unknown Source)
	at java.util.concurrent.ThreadPoolExecutor$Worker.run(Unknown Source)
	at java.lang.Thread.run(Unknown Source)
... Removed 9 stack frames]]>
    </failure>
  </testcase> <!-- @AfterClass afterClass -->
  <testcase name="Ecom_GetApproved_HomePage" time="0.0" classname="com.web.automation.scripts.Ecom_GetApproved_HomePage">
    <skipped/>
  </testcase> <!-- Ecom_GetApproved_HomePage -->
  <testcase name="Ecom_GetApproved_HomePage" time="1.67" classname="com.web.automation.scripts.Ecom_GetApproved_HomePage">
    <failure type="java.lang.NullPointerException">
      <![CDATA[java.lang.NullPointerException
	at com.web.automation.listeners.ExecutionListener.onTestSkipped(ExecutionListener.java:77)
	at java.util.concurrent.ThreadPoolExecutor.runWorker(Unknown Source)
	at java.util.concurrent.ThreadPoolExecutor$Worker.run(Unknown Source)
	at java.lang.Thread.run(Unknown Source)
... Removed 7 stack frames]]>
    </failure>
  </testcase> <!-- Ecom_GetApproved_HomePage -->
  <testcase name="Ecom_SetStore_ChangeBaseStore" time="0.002" classname="com.web.automation.scripts.Ecom_SetStore_ChangeBaseStore">
    <skipped/>
  </testcase> <!-- Ecom_SetStore_ChangeBaseStore -->
  <testcase name="Ecom_SetStore_ChangeBaseStore" time="0.013" classname="com.web.automation.scripts.Ecom_SetStore_ChangeBaseStore">
    <failure type="java.lang.NullPointerException">
      <![CDATA[java.lang.NullPointerException
	at com.web.automation.listeners.ExecutionListener.onTestSkipped(ExecutionListener.java:77)
	at java.util.concurrent.ThreadPoolExecutor.runWorker(Unknown Source)
	at java.util.concurrent.ThreadPoolExecutor$Worker.run(Unknown Source)
	at java.lang.Thread.run(Unknown Source)
... Removed 7 stack frames]]>
    </failure>
  </testcase> <!-- Ecom_SetStore_ChangeBaseStore -->
  <testcase name="Ecom_InvalidZipCode" time="0.0" classname="com.web.automation.scripts.Ecom_SetStore_InvalidZipCode">
    <skipped/>
  </testcase> <!-- Ecom_InvalidZipCode -->
  <testcase name="Ecom_InvalidZipCode" time="0.001" classname="com.web.automation.scripts.Ecom_SetStore_InvalidZipCode">
    <failure type="java.lang.NullPointerException">
      <![CDATA[java.lang.NullPointerException
	at com.web.automation.listeners.ExecutionListener.onTestSkipped(ExecutionListener.java:77)
	at java.util.concurrent.ThreadPoolExecutor.runWorker(Unknown Source)
	at java.util.concurrent.ThreadPoolExecutor$Worker.run(Unknown Source)
	at java.lang.Thread.run(Unknown Source)
... Removed 7 stack frames]]>
    </failure>
  </testcase> <!-- Ecom_InvalidZipCode -->
  <testcase name="Ecom_SetStore_ValidZip" time="0.0" classname="com.web.automation.scripts.Ecom_SetStore_ValidZipCode">
    <skipped/>
  </testcase> <!-- Ecom_SetStore_ValidZip -->
  <testcase name="Ecom_SetStore_ValidZip" time="0.001" classname="com.web.automation.scripts.Ecom_SetStore_ValidZipCode">
    <failure type="java.lang.NullPointerException">
      <![CDATA[java.lang.NullPointerException
	at com.web.automation.listeners.ExecutionListener.onTestSkipped(ExecutionListener.java:77)
	at java.util.concurrent.ThreadPoolExecutor.runWorker(Unknown Source)
	at java.util.concurrent.ThreadPoolExecutor$Worker.run(Unknown Source)
	at java.lang.Thread.run(Unknown Source)
... Removed 7 stack frames]]>
    </failure>
  </testcase> <!-- Ecom_SetStore_ValidZip -->
  <testcase name="Ecom_SetStore_WithoutZip" time="0.0" classname="com.web.automation.scripts.Ecom_SetStore_WithoutZip">
    <skipped/>
  </testcase> <!-- Ecom_SetStore_WithoutZip -->
  <testcase name="Ecom_SetStore_WithoutZip" time="0.001" classname="com.web.automation.scripts.Ecom_SetStore_WithoutZip">
    <failure type="java.lang.NullPointerException">
      <![CDATA[java.lang.NullPointerException
	at com.web.automation.listeners.ExecutionListener.onTestSkipped(ExecutionListener.java:77)
	at java.util.concurrent.ThreadPoolExecutor.runWorker(Unknown Source)
	at java.util.concurrent.ThreadPoolExecutor$Worker.run(Unknown Source)
	at java.lang.Thread.run(Unknown Source)
... Removed 7 stack frames]]>
    </failure>
  </testcase> <!-- Ecom_SetStore_WithoutZip -->
  <testcase name="Ecom_GetApproved_PDPPage" time="0.001" classname="com.web.automation.scripts.Ecom_GetApproved_PDPPage">
    <skipped/>
  </testcase> <!-- Ecom_GetApproved_PDPPage -->
  <testcase name="Ecom_GetApproved_PDPPage" time="2.3" classname="com.web.automation.scripts.Ecom_GetApproved_PDPPage">
    <failure type="java.lang.NullPointerException">
      <![CDATA[java.lang.NullPointerException
	at com.web.automation.listeners.ExecutionListener.onTestSkipped(ExecutionListener.java:77)
	at java.util.concurrent.ThreadPoolExecutor.runWorker(Unknown Source)
	at java.util.concurrent.ThreadPoolExecutor$Worker.run(Unknown Source)
	at java.lang.Thread.run(Unknown Source)
... Removed 7 stack frames]]>
    </failure>
  </testcase> <!-- Ecom_GetApproved_PDPPage -->
  <testcase name="Ecom_VirtualApproval_Approved" time="0.001" classname="com.web.automation.scripts.Ecom_VirtualApproval_Approved">
    <skipped/>
  </testcase> <!-- Ecom_VirtualApproval_Approved -->
  <testcase name="Ecom_VirtualApproval_Approved" time="1.235" classname="com.web.automation.scripts.Ecom_VirtualApproval_Approved">
    <failure type="java.lang.NullPointerException">
      <![CDATA[java.lang.NullPointerException
	at com.web.automation.listeners.ExecutionListener.onTestSkipped(ExecutionListener.java:77)
	at java.util.concurrent.ThreadPoolExecutor.runWorker(Unknown Source)
	at java.util.concurrent.ThreadPoolExecutor$Worker.run(Unknown Source)
	at java.lang.Thread.run(Unknown Source)
... Removed 7 stack frames]]>
    </failure>
  </testcase> <!-- Ecom_VirtualApproval_Approved -->
  <testcase name="Ecom_VirtualApproval_Conditional" time="0.001" classname="com.web.automation.scripts.Ecom_VirtualApproval_Conditional">
    <skipped/>
  </testcase> <!-- Ecom_VirtualApproval_Conditional -->
  <testcase name="Ecom_VirtualApproval_Conditional" time="1.101" classname="com.web.automation.scripts.Ecom_VirtualApproval_Conditional">
    <failure type="java.lang.NullPointerException">
      <![CDATA[java.lang.NullPointerException
	at com.web.automation.listeners.ExecutionListener.onTestSkipped(ExecutionListener.java:77)
	at java.util.concurrent.ThreadPoolExecutor.runWorker(Unknown Source)
	at java.util.concurrent.ThreadPoolExecutor$Worker.run(Unknown Source)
	at java.lang.Thread.run(Unknown Source)
... Removed 7 stack frames]]>
    </failure>
  </testcase> <!-- Ecom_VirtualApproval_Conditional -->
  <testcase name="Ecom_VirtualApproval_Declined" time="0.0" classname="com.web.automation.scripts.Ecom_VirtualApproval_Declined">
    <skipped/>
  </testcase> <!-- Ecom_VirtualApproval_Declined -->
  <testcase name="Ecom_VirtualApproval_Declined" time="0.57" classname="com.web.automation.scripts.Ecom_VirtualApproval_Declined">
    <failure type="java.lang.NullPointerException">
      <![CDATA[java.lang.NullPointerException
	at com.web.automation.listeners.ExecutionListener.onTestSkipped(ExecutionListener.java:77)
	at java.util.concurrent.ThreadPoolExecutor.runWorker(Unknown Source)
	at java.util.concurrent.ThreadPoolExecutor$Worker.run(Unknown Source)
	at java.lang.Thread.run(Unknown Source)
... Removed 7 stack frames]]>
    </failure>
  </testcase> <!-- Ecom_VirtualApproval_Declined -->
</testsuite> <!-- Test-mobile-native1 -->
