<?xml version="1.0" encoding="UTF-8"?>
<!-- Generated by org.testng.reporters.JUnitXMLReporter -->
<testsuite hostname="DT000547" name="Test-mobile-native(failed)" tests="1" failures="1" timestamp="15 Mar 2021 11:16:11 GMT" time="56.549" errors="0">
  <testcase name="Hybris_Reservations_MonthlyPricing_Test" time="0.005" classname="com.web.HybrisAutomation.ReservationScripts.Hybris_Reservations_MonthlyPricing">
    <failure type="java.lang.Error" message="Unresolved compilation problem: 
	The method payPalPayment(String) is undefined for the type HybrisStartYourOrderPage
">
      <![CDATA[java.lang.Error: Unresolved compilation problem: 
	The method payPalPayment(String) is undefined for the type HybrisStartYourOrderPage

	at com.web.HybrisAutomation.ReservationScripts.Hybris_Reservations_MonthlyPricing.Hybris_Reservations_MonthlyPricing_Test(Hybris_Reservations_MonthlyPricing.java:120)
	at java.util.concurrent.FutureTask.run(Unknown Source)
	at java.util.concurrent.ThreadPoolExecutor.runWorker(Unknown Source)
	at java.util.concurrent.ThreadPoolExecutor$Worker.run(Unknown Source)
	at java.lang.Thread.run(Unknown Source)
... Removed 16 stack frames]]>
    </failure>
  </testcase> <!-- Hybris_Reservations_MonthlyPricing_Test -->
</testsuite> <!-- Test-mobile-native(failed) -->
