<?xml version="1.0" encoding="UTF-8"?>
<!-- Generated by org.testng.reporters.JUnitReportReporter -->
<testsuite hostname="HW1261" name="com.mobile.automation.scripts.Ecomm_MobileWeb" tests="1" failures="0" timestamp="17 Aug 2017 06:15:22 GMT" time="12.839" errors="0">
  <testcase name="Login" time="12.839" classname="com.mobile.automation.scripts.Ecomm_MobileWeb"/>
</testsuite> <!-- com.mobile.automation.scripts.Ecomm_MobileWeb -->
