<?xml version="1.0" encoding="UTF-8"?>
<!-- Generated by org.testng.reporters.JUnitReportReporter -->
<testsuite hostname="HW1686" name="com.mobile.automation.scripts.CopyOfMobile_Demo" tests="1" failures="0" timestamp="23 May 2017 04:51:50 GMT" time="974.266" errors="0">
  <testcase name="verifyDemoTest" time="974.266" classname="com.mobile.automation.scripts.CopyOfMobile_Demo"/>
</testsuite> <!-- com.mobile.automation.scripts.CopyOfMobile_Demo -->
