<?xml version="1.0" encoding="UTF-8"?>
<!-- Generated by org.testng.reporters.JUnitReportReporter -->
<testsuite hostname="HW2076" name="com.web.automation.scripts.PDPValidation_Scenario6" tests="1" failures="0" timestamp="20 Apr 2018 05:52:33 GMT" time="150.753" errors="0">
  <testcase name="PDPValidation_Scenario2_Test" time="150.753" classname="com.web.automation.scripts.PDPValidation_Scenario6"/>
</testsuite> <!-- com.web.automation.scripts.PDPValidation_Scenario6 -->
