<?xml version="1.0" encoding="UTF-8"?>
<!-- Generated by org.testng.reporters.JUnitReportReporter -->
<testsuite hostname="DT000547" name="com.web.HybrisAutomation.MyAccountScripts.Hybris_MyAccount_AddBankPaymentMehod_InValidData" tests="1" failures="0" timestamp="26 Mar 2021 11:05:27 GMT" time="54.823" errors="0">
  <testcase name="Hybris_MyAccount_AddBankPaymentMehod_InValidData_Test" time="54.823" classname="com.web.HybrisAutomation.MyAccountScripts.Hybris_MyAccount_AddBankPaymentMehod_InValidData"/>
</testsuite> <!-- com.web.HybrisAutomation.MyAccountScripts.Hybris_MyAccount_AddBankPaymentMehod_InValidData -->
