<?xml version="1.0" encoding="UTF-8"?>
<!-- Generated by org.testng.reporters.JUnitReportReporter -->
<testsuite hostname="HW2076" name="com.web.automation.scripts.Ecom_PDPValidation_Scenario3" tests="1" failures="0" timestamp="12 Jul 2018 08:17:02 GMT" time="72.655" errors="0">
  <testcase name="PDPValidation_Scenario3_Test" time="72.655" classname="com.web.automation.scripts.Ecom_PDPValidation_Scenario3"/>
</testsuite> <!-- com.web.automation.scripts.Ecom_PDPValidation_Scenario3 -->
