<?xml version="1.0" encoding="UTF-8"?>
<!-- Generated by org.testng.reporters.JUnitReportReporter -->
<testsuite hostname="HW1686" name="com.mobile.automation.scripts.create_an_Agreement_DeclineBenefitsPlus_Kiosk" tests="1" failures="0" timestamp="26 May 2017 06:50:17 GMT" time="992.962" errors="0">
  <testcase name="DeclineBenefitsPlus_Kiosk" time="992.962" classname="com.mobile.automation.scripts.create_an_Agreement_DeclineBenefitsPlus_Kiosk"/>
</testsuite> <!-- com.mobile.automation.scripts.create_an_Agreement_DeclineBenefitsPlus_Kiosk -->
