<?xml version="1.0" encoding="UTF-8"?>
<!-- Generated by org.testng.reporters.JUnitReportReporter -->
<testsuite hostname="HW2076" name="com.web.automation.scripts.Ecom_GetApproved_PDPPage" tests="1" failures="0" timestamp="12 Jul 2018 04:38:13 GMT" time="253.479" errors="0">
  <testcase name="Ecom_GetApproved_PDPPage" time="253.479" classname="com.web.automation.scripts.Ecom_GetApproved_PDPPage"/>
</testsuite> <!-- com.web.automation.scripts.Ecom_GetApproved_PDPPage -->
