<?xml version="1.0" encoding="UTF-8"?>
<!-- Generated by org.testng.reporters.JUnitReportReporter -->
<testsuite hostname="HW1143" name="com.web.HybrisAutomation.MyAccountQuickLinks.Hybris_MyAccount_NavigateToPersonalInfoFromPaymentMethods" tests="1" failures="0" timestamp="1 Mar 2021 12:34:05 GMT" time="100.643" errors="0">
  <testcase name="Hybris_MyAccount_NavigateToPersonalInfoFromPaymentMethods_Test" time="100.643" classname="com.web.HybrisAutomation.MyAccountQuickLinks.Hybris_MyAccount_NavigateToPersonalInfoFromPaymentMethods"/>
</testsuite> <!-- com.web.HybrisAutomation.MyAccountQuickLinks.Hybris_MyAccount_NavigateToPersonalInfoFromPaymentMethods -->
