<?xml version="1.0" encoding="UTF-8"?>
<!-- Generated by org.testng.reporters.JUnitReportReporter -->
<testsuite hostname="DT000547" name="com.web.HybrisAutomation.ReservationScripts.Hybris_Reservations_SemiMonththlyPricing_SkipPayfone_SkipIDV_Paypal" tests="1" failures="0" timestamp="6 Apr 2021 10:32:03 GMT" time="145.016" errors="0">
  <testcase name="Hybris_Reservations_SemiMonththlyPricing_SkipPayfone_IDV_NoPromo_PaypalTest" time="145.016" classname="com.web.HybrisAutomation.ReservationScripts.Hybris_Reservations_SemiMonththlyPricing_SkipPayfone_SkipIDV_Paypal"/>
</testsuite> <!-- com.web.HybrisAutomation.ReservationScripts.Hybris_Reservations_SemiMonththlyPricing_SkipPayfone_SkipIDV_Paypal -->
