<?xml version="1.0" encoding="UTF-8"?>
<!-- Generated by org.testng.reporters.JUnitReportReporter -->
<testsuite hostname="HW1346" name="com.web.automation.scripts.Ecom_SignUpForDeals_VerifyEmail_Empty" tests="1" failures="0" timestamp="24 Aug 2018 10:46:49 GMT" time="52.030" errors="0">
  <testcase name="SignUpForDeals_VerifyEmail_Empty" time="52.030" classname="com.web.automation.scripts.Ecom_SignUpForDeals_VerifyEmail_Empty"/>
</testsuite> <!-- com.web.automation.scripts.Ecom_SignUpForDeals_VerifyEmail_Empty -->
