<?xml version="1.0" encoding="UTF-8"?>
<!-- Generated by org.testng.reporters.JUnitReportReporter -->
<testsuite hostname="DT000547" name="com.web.HybrisAutomation.ReservationScripts.Hybris_Reservations_WeeklyPricing_SkipPayfone_SkipIDV_PromoApplied" tests="1" failures="0" timestamp="5 Apr 2021 12:40:03 GMT" time="103.383" errors="0">
  <testcase name="Hybris_Reservations_WeeklyPricing_SkippayfonenIDV_PromoApplied_Test" time="103.383" classname="com.web.HybrisAutomation.ReservationScripts.Hybris_Reservations_WeeklyPricing_SkipPayfone_SkipIDV_PromoApplied"/>
</testsuite> <!-- com.web.HybrisAutomation.ReservationScripts.Hybris_Reservations_WeeklyPricing_SkipPayfone_SkipIDV_PromoApplied -->
