<?xml version="1.0" encoding="UTF-8"?>
<!-- Generated by org.testng.reporters.JUnitReportReporter -->
<testsuite hostname="DT000547" name="com.web.HybrisAutomation.ReservationScripts.Hybris_Reservations_SemiMonthlyPricing_SkipPayfone_SkipIDV_PromoApplied" tests="1" failures="0" timestamp="6 Apr 2021 10:32:03 GMT" time="135.151" errors="0">
  <testcase name="Hybris_Reservations_SemiMonthlyPricing_PromoApplied_SkipPayfone_SkipIDVTest" time="135.151" classname="com.web.HybrisAutomation.ReservationScripts.Hybris_Reservations_SemiMonthlyPricing_SkipPayfone_SkipIDV_PromoApplied"/>
</testsuite> <!-- com.web.HybrisAutomation.ReservationScripts.Hybris_Reservations_SemiMonthlyPricing_SkipPayfone_SkipIDV_PromoApplied -->
