<?xml version="1.0" encoding="UTF-8"?>
<!-- Generated by org.testng.reporters.JUnitReportReporter -->
<testsuite hostname="HW2076" name="com.web.automation.scripts.PDPValidation_Scenario1" tests="1" failures="0" timestamp="17 Apr 2018 03:31:41 GMT" time="110.710" errors="0">
  <testcase name="PDPValidation_Scenario1_Test" time="110.710" classname="com.web.automation.scripts.PDPValidation_Scenario1"/>
</testsuite> <!-- com.web.automation.scripts.PDPValidation_Scenario1 -->
