<?xml version="1.0" encoding="UTF-8"?>
<!-- Generated by org.testng.reporters.JUnitReportReporter -->
<testsuite hostname="HW2076" name="com.web.automation.scripts.Ecom_VA_ScreenValidations_ApprovalInfo_Blankdata" tests="1" failures="0" timestamp="28 Jun 2018 07:01:41 GMT" time="232.047" errors="0">
  <testcase name="Ecom_VA_ScreenValidations_ApprovalInfo_Blankdata_Test" time="232.047" classname="com.web.automation.scripts.Ecom_VA_ScreenValidations_ApprovalInfo_Blankdata"/>
</testsuite> <!-- com.web.automation.scripts.Ecom_VA_ScreenValidations_ApprovalInfo_Blankdata -->
