<?xml version="1.0" encoding="UTF-8"?>
<!-- Generated by org.testng.reporters.JUnitReportReporter -->
<testsuite hostname="HW2076" name="com.web.automation.scripts.Ecom_HomePageTest" tests="1" failures="0" timestamp="13 Mar 2018 12:16:15 GMT" time="90.277" errors="0">
  <testcase name="Ecom_SetStore" time="90.277" classname="com.web.automation.scripts.Ecom_HomePageTest"/>
</testsuite> <!-- com.web.automation.scripts.Ecom_HomePageTest -->
