<?xml version="1.0" encoding="UTF-8"?>
<!-- Generated by org.testng.reporters.JUnitReportReporter -->
<testsuite hostname="HW2076" name="com.web.automation.scripts.Ecom_PDPValidation_Scenario1" tests="1" failures="0" timestamp="12 Jul 2018 08:17:02 GMT" time="77.018" errors="0">
  <testcase name="PDPValidation_Scenario1_Test" time="77.018" classname="com.web.automation.scripts.Ecom_PDPValidation_Scenario1"/>
</testsuite> <!-- com.web.automation.scripts.Ecom_PDPValidation_Scenario1 -->
