<?xml version="1.0" encoding="UTF-8"?>
<!-- Generated by org.testng.reporters.JUnitReportReporter -->
<testsuite hostname="HW1686" name="com.mobile.automation.scripts.Getapproved" tests="1" failures="0" timestamp="22 May 2017 06:45:01 GMT" time="89.225" errors="0">
  <testcase name="verifyDemoTest" time="89.225" classname="com.mobile.automation.scripts.Getapproved"/>
</testsuite> <!-- com.mobile.automation.scripts.Getapproved -->
