<?xml version="1.0" encoding="UTF-8"?>
<!-- Generated by org.testng.reporters.JUnitReportReporter -->
<testsuite hostname="DT000547" name="com.web.HybrisAutomation.MyAccountScripts.Hybris_MyAccount_AddPaypalPaymentMehod_ValidData" tests="1" failures="0" timestamp="26 Mar 2021 11:28:56 GMT" time="105.978" errors="0">
  <testcase name="Hybris_MyAccount_AddBankPaymentMehod_ValidData_Test" time="105.978" classname="com.web.HybrisAutomation.MyAccountScripts.Hybris_MyAccount_AddPaypalPaymentMehod_ValidData"/>
</testsuite> <!-- com.web.HybrisAutomation.MyAccountScripts.Hybris_MyAccount_AddPaypalPaymentMehod_ValidData -->
