<?xml version="1.0" encoding="UTF-8"?>
<!-- Generated by org.testng.reporters.JUnitReportReporter -->
<testsuite hostname="HW2076" name="com.web.automation.scripts.Ecom_VA_ScreenValidations_Blankdata" tests="1" failures="0" timestamp="27 Jun 2018 04:41:51 GMT" time="147.989" errors="0">
  <testcase name="Ecom_VA_ScreenValidations_Blankdata_Test" time="147.989" classname="com.web.automation.scripts.Ecom_VA_ScreenValidations_Blankdata"/>
</testsuite> <!-- com.web.automation.scripts.Ecom_VA_ScreenValidations_Blankdata -->
