<?xml version="1.0" encoding="UTF-8"?>
<!-- Generated by org.testng.reporters.JUnitReportReporter -->
<testsuite hostname="HW2076" name="com.web.automation.scripts.Ecom_GetApproved_HomePage_WithoutSettingBaseStore" tests="1" failures="0" timestamp="21 Mar 2018 06:10:01 GMT" time="167.394" errors="0">
  <testcase name="Ecom_GetApproved_HomePage_WithoutSettingBaseStore" time="167.394" classname="com.web.automation.scripts.Ecom_GetApproved_HomePage_WithoutSettingBaseStore"/>
</testsuite> <!-- com.web.automation.scripts.Ecom_GetApproved_HomePage_WithoutSettingBaseStore -->
