<?xml version="1.0" encoding="UTF-8"?>
<!-- Generated by org.testng.reporters.JUnitReportReporter -->
<testsuite hostname="DT000547" name="com.web.HybrisAutomation.MyAccountScripts.Hybris_MyAccount_AddCreditCardPaymentMehod_ValidData" tests="1" failures="0" timestamp="25 Mar 2021 12:37:41 GMT" time="100.919" errors="0">
  <testcase name="Hybris_MyAccount_AddCreditCardPaymentMehod_ValidData_Test" time="100.919" classname="com.web.HybrisAutomation.MyAccountScripts.Hybris_MyAccount_AddCreditCardPaymentMehod_ValidData"/>
</testsuite> <!-- com.web.HybrisAutomation.MyAccountScripts.Hybris_MyAccount_AddCreditCardPaymentMehod_ValidData -->
