<?xml version="1.0" encoding="UTF-8"?>
<!-- Generated by org.testng.reporters.JUnitReportReporter -->
<testsuite hostname="DT000547" name="com.web.HybrisAutomation.ReservationScripts.Hybris_Reservations_WeeklyPricing_SkipPayfone_SkipIDV" tests="1" failures="0" timestamp="5 Apr 2021 12:40:03 GMT" time="104.599" errors="0">
  <testcase name="Hybris_Reservations_WeeklyPricing_SkipPayfonenIDV_Test" time="104.599" classname="com.web.HybrisAutomation.ReservationScripts.Hybris_Reservations_WeeklyPricing_SkipPayfone_SkipIDV"/>
</testsuite> <!-- com.web.HybrisAutomation.ReservationScripts.Hybris_Reservations_WeeklyPricing_SkipPayfone_SkipIDV -->
