<?xml version="1.0" encoding="UTF-8"?>
<!-- Generated by org.testng.reporters.JUnitReportReporter -->
<testsuite hostname="HW2076" name="com.web.automation.scripts.Ecom_GetApproved_HomePage" tests="1" failures="0" timestamp="12 Jul 2018 04:38:13 GMT" time="169.936" errors="0">
  <testcase name="Ecom_GetApproved_HomePage" time="169.936" classname="com.web.automation.scripts.Ecom_GetApproved_HomePage"/>
</testsuite> <!-- com.web.automation.scripts.Ecom_GetApproved_HomePage -->
