<?xml version="1.0" encoding="UTF-8"?>
<!-- Generated by org.testng.reporters.JUnitReportReporter -->
<testsuite hostname="HW1346" name="com.web.automation.scripts.Ecom_SignUpForDeals_BlankData" tests="1" failures="0" timestamp="24 Aug 2018 11:09:09 GMT" time="109.445" errors="0">
  <testcase name="SignUpForDeals_BlankData" time="109.445" classname="com.web.automation.scripts.Ecom_SignUpForDeals_BlankData"/>
</testsuite> <!-- com.web.automation.scripts.Ecom_SignUpForDeals_BlankData -->
