<?xml version="1.0" encoding="UTF-8"?>
<!-- Generated by org.testng.reporters.JUnitReportReporter -->
<testsuite hostname="HW2076" name="com.web.automation.scripts.Ecom_PDPValidation_Scenario8" tests="1" failures="0" timestamp="12 Jul 2018 08:17:02 GMT" time="71.242" errors="0">
  <testcase name="PDPValidation_Scenario8_Test" time="71.242" classname="com.web.automation.scripts.Ecom_PDPValidation_Scenario8"/>
</testsuite> <!-- com.web.automation.scripts.Ecom_PDPValidation_Scenario8 -->
