<?xml version="1.0" encoding="UTF-8"?>
<!-- Generated by org.testng.reporters.JUnitReportReporter -->
<testsuite hostname="HW2076" name="com.web.automation.scripts.Ecom_GetApproved_Contact_Information_Screen_Validations" tests="1" failures="0" timestamp="21 May 2018 06:36:15 GMT" time="155.597" errors="0">
  <testcase name="NonVAContact_Information_Screen_Validations" time="155.597" classname="com.web.automation.scripts.Ecom_GetApproved_Contact_Information_Screen_Validations"/>
</testsuite> <!-- com.web.automation.scripts.Ecom_GetApproved_Contact_Information_Screen_Validations -->
