<?xml version="1.0" encoding="UTF-8"?>
<!-- Generated by org.testng.reporters.JUnitReportReporter -->
<testsuite hostname="DT000547" name="com.web.HybrisAutomation.ReservationScripts.Hybris_Reservations_WeeklyPricing_Paypal" tests="1" failures="0" timestamp="6 Apr 2021 08:57:49 GMT" time="113.829" errors="0">
  <testcase name="Hybris_Reservations_WeeklyPricing_NoPromo_PaypalTest" time="113.829" classname="com.web.HybrisAutomation.ReservationScripts.Hybris_Reservations_WeeklyPricing_Paypal"/>
</testsuite> <!-- com.web.HybrisAutomation.ReservationScripts.Hybris_Reservations_WeeklyPricing_Paypal -->
