<?xml version="1.0" encoding="UTF-8"?>
<!-- Generated by org.testng.reporters.JUnitReportReporter -->
<testsuite hostname="HW2076" name="com.web.automation.scripts.Ecom_SubmitContactInfo_NonVAForm" tests="1" failures="0" timestamp="12 Jul 2018 04:50:56 GMT" time="252.422" errors="0">
  <testcase name="Ecom_SubmitContactInfo_NonVAForm" time="252.422" classname="com.web.automation.scripts.Ecom_SubmitContactInfo_NonVAForm"/>
</testsuite> <!-- com.web.automation.scripts.Ecom_SubmitContactInfo_NonVAForm -->
