<?xml version="1.0" encoding="UTF-8"?>
<!-- Generated by org.testng.reporters.JUnitReportReporter -->
<testsuite hostname="DT000547" name="com.web.HybrisAutomation.ReservationScripts.Hybris_Reservations_BiWeeklyPricing_Paypal" tests="1" failures="0" timestamp="6 Apr 2021 11:22:48 GMT" time="125.854" errors="0">
  <testcase name="Hybris_Reservations_BiWeeklyPricing_NoPromo_PaypalTest" time="125.854" classname="com.web.HybrisAutomation.ReservationScripts.Hybris_Reservations_BiWeeklyPricing_Paypal"/>
</testsuite> <!-- com.web.HybrisAutomation.ReservationScripts.Hybris_Reservations_BiWeeklyPricing_Paypal -->
