<?xml version="1.0" encoding="UTF-8"?>
<!-- Generated by org.testng.reporters.JUnitReportReporter -->
<testsuite hostname="HW1686" name="com.mobile.automation.scripts.Mobile_original" tests="1" failures="0" timestamp="24 May 2017 06:52:43 GMT" time="857.176" errors="0">
  <testcase name="Getapproved_Endtoendflow" time="857.176" classname="com.mobile.automation.scripts.Mobile_original"/>
</testsuite> <!-- com.mobile.automation.scripts.Mobile_original -->
