<?xml version="1.0" encoding="UTF-8"?>
<!-- Generated by org.testng.reporters.JUnitReportReporter -->
<testsuite hostname="DT000547" name="com.web.HybrisAutomation.ReservationScripts.Hybris_Reservations_MonthlyPricing_PromoApplied" tests="1" failures="0" timestamp="6 Apr 2021 10:57:10 GMT" time="96.287" errors="0">
  <testcase name="Hybris_Reservations_MonthlyPricing_PromoApplied_Test" time="96.287" classname="com.web.HybrisAutomation.ReservationScripts.Hybris_Reservations_MonthlyPricing_PromoApplied"/>
</testsuite> <!-- com.web.HybrisAutomation.ReservationScripts.Hybris_Reservations_MonthlyPricing_PromoApplied -->
