<?xml version="1.0" encoding="UTF-8"?>
<!-- Generated by org.testng.reporters.JUnitReportReporter -->
<testsuite hostname="HW2076" name="com.web.automation.scripts.Ecom_GA_SetStore_ZipNotFound" tests="1" failures="0" timestamp="12 Jul 2018 03:34:10 GMT" time="31.673" errors="0">
  <testcase name="Ecom_GA_SetStore_ZipNotFound" time="31.673" classname="com.web.automation.scripts.Ecom_GA_SetStore_ZipNotFound"/>
</testsuite> <!-- com.web.automation.scripts.Ecom_GA_SetStore_ZipNotFound -->
