<?xml version="1.0" encoding="UTF-8"?>
<!-- Generated by org.testng.reporters.JUnitReportReporter -->
<testsuite hostname="DT000547" name="com.web.HybrisAutomation.ReservationScripts.Hybris_Reservations_BiWeeklyPricing_PromoApplied_Paypal" tests="1" failures="0" timestamp="8 Apr 2021 11:42:54 GMT" time="145.096" errors="0">
  <testcase name="Hybris_Reservations_BiWeeklyPricing_PromoApplied_PaypalTest" time="145.096" classname="com.web.HybrisAutomation.ReservationScripts.Hybris_Reservations_BiWeeklyPricing_PromoApplied_Paypal"/>
</testsuite> <!-- com.web.HybrisAutomation.ReservationScripts.Hybris_Reservations_BiWeeklyPricing_PromoApplied_Paypal -->
