<?xml version="1.0" encoding="UTF-8"?>
<!-- Generated by org.testng.reporters.JUnitReportReporter -->
<testsuite hostname="HW2076" name="com.web.automation.scripts.PDPValidation_Scenario3" tests="1" failures="0" timestamp="17 Apr 2018 03:31:41 GMT" time="89.846" errors="0">
  <testcase name="PDPValidation_Scenario3_Test" time="89.846" classname="com.web.automation.scripts.PDPValidation_Scenario3"/>
</testsuite> <!-- com.web.automation.scripts.PDPValidation_Scenario3 -->
