<?xml version="1.0" encoding="UTF-8"?>
<!-- Generated by org.testng.reporters.JUnitReportReporter -->
<testsuite hostname="DT000547" name="com.web.HybrisAutomation.ReservationScripts.Hybris_Reservations_BiWeeklyPricing" tests="1" failures="0" timestamp="6 Apr 2021 11:22:48 GMT" time="145.922" errors="0">
  <testcase name="Hybris_Reservations_BiWeeklyPricing_Test" time="145.922" classname="com.web.HybrisAutomation.ReservationScripts.Hybris_Reservations_BiWeeklyPricing"/>
</testsuite> <!-- com.web.HybrisAutomation.ReservationScripts.Hybris_Reservations_BiWeeklyPricing -->
