<?xml version="1.0" encoding="UTF-8"?>
<!-- Generated by org.testng.reporters.JUnitReportReporter -->
<testsuite hostname="HW1346" name="com.web.automation.scripts.Ecom_Unsubscribe_FewEmails_ValidEmail" tests="1" failures="0" timestamp="24 Aug 2018 10:25:32 GMT" time="114.645" errors="0">
  <testcase name="Unsubscribe_FewEmails_ValidEmail" time="114.645" classname="com.web.automation.scripts.Ecom_Unsubscribe_FewEmails_ValidEmail"/>
</testsuite> <!-- com.web.automation.scripts.Ecom_Unsubscribe_FewEmails_ValidEmail -->
