<?xml version="1.0" encoding="UTF-8"?>
<!-- Generated by org.testng.reporters.JUnitReportReporter -->
<testsuite hostname="HW2076" name="com.web.automation.scripts.Ecom_SetStore_ValidZipCode" tests="1" failures="0" timestamp="12 Jul 2018 03:34:10 GMT" time="85.276" errors="0">
  <testcase name="Ecom_SetStore_ValidZip" time="85.276" classname="com.web.automation.scripts.Ecom_SetStore_ValidZipCode"/>
</testsuite> <!-- com.web.automation.scripts.Ecom_SetStore_ValidZipCode -->
