<?xml version="1.0" encoding="UTF-8"?>
<!-- Generated by org.testng.reporters.JUnitReportReporter -->
<testsuite hostname="HW2076" name="com.web.automation.scripts.Ecom_GetApproved_HomePage_ScreenValidations" tests="1" failures="0" timestamp="22 May 2018 05:05:13 GMT" time="152.119" errors="0">
  <testcase name="GetApproved_HomePage_Screen_Validations" time="152.119" classname="com.web.automation.scripts.Ecom_GetApproved_HomePage_ScreenValidations"/>
</testsuite> <!-- com.web.automation.scripts.Ecom_GetApproved_HomePage_ScreenValidations -->
