<?xml version="1.0" encoding="UTF-8"?>
<!-- Generated by org.testng.reporters.JUnitReportReporter -->
<testsuite hostname="DT000547" name="com.web.HybrisAutomation.ReservationScripts.Hybris_WOF_MonthlyPricing" tests="1" failures="0" timestamp="5 Mar 2021 11:12:26 GMT" time="172.250" errors="0">
  <testcase name="Hybris_WOF_MonthlyPricing_Test" time="172.250" classname="com.web.HybrisAutomation.ReservationScripts.Hybris_WOF_MonthlyPricing"/>
</testsuite> <!-- com.web.HybrisAutomation.ReservationScripts.Hybris_WOF_MonthlyPricing -->
