<?xml version="1.0" encoding="UTF-8"?>
<!-- Generated by org.testng.reporters.JUnitReportReporter -->
<testsuite hostname="HW1686" name="com.mobile.automation.scripts.Decline_LDW_Kiosk_TestID_911" tests="1" failures="0" timestamp="26 May 2017 11:29:02 GMT" time="950.104" errors="0">
  <testcase name="Verify_Decline_LDW_Kiosk_TestID_911" time="950.104" classname="com.mobile.automation.scripts.Decline_LDW_Kiosk_TestID_911"/>
</testsuite> <!-- com.mobile.automation.scripts.Decline_LDW_Kiosk_TestID_911 -->
