<?xml version="1.0" encoding="UTF-8"?>
<!-- Generated by org.testng.reporters.JUnitReportReporter -->
<testsuite hostname="HW1346" name="com.web.automation.scripts.Ecom_SignUpForDeals_InValidData" tests="1" failures="0" timestamp="24 Aug 2018 05:20:44 GMT" time="51.752" errors="0">
  <testcase name="SignUpForDeals_ValidData" time="51.752" classname="com.web.automation.scripts.Ecom_SignUpForDeals_InValidData"/>
</testsuite> <!-- com.web.automation.scripts.Ecom_SignUpForDeals_InValidData -->
