<?xml version="1.0" encoding="UTF-8"?>
<!-- Generated by org.testng.reporters.JUnitReportReporter -->
<testsuite hostname="HW2076" name="com.web.automation.scripts.Ecom_tests1" tests="1" failures="0" timestamp="14 Mar 2018 03:24:00 GMT" time="88.624" errors="0">
  <testcase name="Ecom_test1" time="88.624" classname="com.web.automation.scripts.Ecom_tests1"/>
</testsuite> <!-- com.web.automation.scripts.Ecom_tests1 -->
