<?xml version="1.0" encoding="UTF-8"?>
<!-- Generated by org.testng.reporters.JUnitReportReporter -->
<testsuite hostname="HW2076" name="com.web.automation.scripts.Ecom_PDPValidation_Scenario5" tests="1" failures="0" timestamp="12 Jul 2018 08:17:02 GMT" time="64.520" errors="0">
  <testcase name="PDPValidation_Scenario5_Test" time="64.520" classname="com.web.automation.scripts.Ecom_PDPValidation_Scenario5"/>
</testsuite> <!-- com.web.automation.scripts.Ecom_PDPValidation_Scenario5 -->
