<?xml version="1.0" encoding="UTF-8"?>
<!-- Generated by org.testng.reporters.JUnitReportReporter -->
<testsuite hostname="DT000547" name="com.web.HybrisAutomation.ReservationScripts.Hybris_Reservations_BiWeeklyPricing_PromoApplied" tests="1" failures="0" timestamp="6 Apr 2021 11:22:48 GMT" time="96.184" errors="0">
  <testcase name="Hybris_Reservations_BiWeeklyPricing_PromoApplied_Test" time="96.184" classname="com.web.HybrisAutomation.ReservationScripts.Hybris_Reservations_BiWeeklyPricing_PromoApplied"/>
</testsuite> <!-- com.web.HybrisAutomation.ReservationScripts.Hybris_Reservations_BiWeeklyPricing_PromoApplied -->
