<?xml version="1.0" encoding="UTF-8"?>
<!-- Generated by org.testng.reporters.JUnitReportReporter -->
<testsuite hostname="HW1686" name="com.mobile.automation.scripts.End_endflow" tests="1" failures="0" timestamp="24 May 2017 12:47:51 GMT" time="872.652" errors="0">
  <testcase name="Getapproved_Endtoendflow" time="872.652" classname="com.mobile.automation.scripts.End_endflow"/>
</testsuite> <!-- com.mobile.automation.scripts.End_endflow -->
