<?xml version="1.0" encoding="UTF-8"?>
<!-- Generated by org.testng.reporters.JUnitReportReporter -->
<testsuite hostname="HW2076" name="com.web.automation.scripts.PDPValidation_Scenario5" tests="1" failures="0" timestamp="20 Apr 2018 05:44:22 GMT" time="98.069" errors="0">
  <testcase name="PDPValidation_Scenario4_Test" time="98.069" classname="com.web.automation.scripts.PDPValidation_Scenario5"/>
</testsuite> <!-- com.web.automation.scripts.PDPValidation_Scenario5 -->
