<?xml version="1.0" encoding="UTF-8"?>
<!-- Generated by org.testng.reporters.JUnitReportReporter -->
<testsuite hostname="Cigniti_1872-PC" name="com.mobile.automation.scripts.Mobile_Demo" tests="1" failures="0" timestamp="2 May 2017 23:32:37 GMT" time="1891.469" errors="0">
  <testcase name="verifySwitchingBtwDifferentViews" time="1891.469" classname="com.mobile.automation.scripts.Mobile_Demo"/>
</testsuite> <!-- com.mobile.automation.scripts.Mobile_Demo -->
