<?xml version="1.0" encoding="UTF-8"?>
<!-- Generated by org.testng.reporters.JUnitReportReporter -->
<testsuite hostname="DT000547" name="com.web.HybrisAutomation.ReservationScripts.Hybris_WOF_WeeklyPricing" tests="1" failures="0" timestamp="5 Mar 2021 09:41:34 GMT" time="139.420" errors="0">
  <testcase name="Hybris_WOF_WeeklyPricing_Test" time="139.420" classname="com.web.HybrisAutomation.ReservationScripts.Hybris_WOF_WeeklyPricing"/>
</testsuite> <!-- com.web.HybrisAutomation.ReservationScripts.Hybris_WOF_WeeklyPricing -->
