<?xml version="1.0" encoding="UTF-8"?>
<!-- Generated by org.testng.reporters.JUnitReportReporter -->
<testsuite hostname="RAC-L-BPSY9G2" name="com.web.automation.scripts.EM002_CS_UsingSsnNo" tests="1" failures="0" timestamp="6 Apr 2017 19:32:32 GMT" time="19.006" errors="0">
  <testcase name="EM002CSUsingSsnNo" time="19.006" classname="com.web.automation.scripts.EM002_CS_UsingSsnNo"/>
</testsuite> <!-- com.web.automation.scripts.EM002_CS_UsingSsnNo -->
