<?xml version="1.0" encoding="UTF-8"?>
<!-- Generated by org.testng.reporters.JUnitReportReporter -->
<testsuite hostname="HW2076" name="com.web.automation.scripts.Ecom_VAStore_NonVaForm_FromHomePage" tests="1" failures="0" timestamp="15 Mar 2018 07:53:24 GMT" time="129.324" errors="0">
  <testcase name="Ecom_VAStore_NonVaForm_FromHomePage" time="129.324" classname="com.web.automation.scripts.Ecom_VAStore_NonVaForm_FromHomePage"/>
</testsuite> <!-- com.web.automation.scripts.Ecom_VAStore_NonVaForm_FromHomePage -->
