<?xml version="1.0" encoding="UTF-8"?>
<!-- Generated by org.testng.reporters.JUnitReportReporter -->
<testsuite hostname="HW2076" name="com.web.automation.scripts.Ecom_SubmitContactInfo_VAForm" tests="1" failures="0" timestamp="12 Jul 2018 04:50:56 GMT" time="243.374" errors="0">
  <testcase name="Ecom_SubmitContactInfo_VAForm" time="243.374" classname="com.web.automation.scripts.Ecom_SubmitContactInfo_VAForm"/>
</testsuite> <!-- com.web.automation.scripts.Ecom_SubmitContactInfo_VAForm -->
