<?xml version="1.0" encoding="UTF-8"?>
<!-- Generated by org.testng.reporters.JUnitReportReporter -->
<testsuite hostname="HW2076" name="com.web.automation.scripts.Ecom_VirtualApproval_Conditional" tests="1" failures="0" timestamp="12 Jul 2018 04:38:13 GMT" time="156.828" errors="0">
  <testcase name="Ecom_VirtualApproval_Conditional" time="156.828" classname="com.web.automation.scripts.Ecom_VirtualApproval_Conditional"/>
</testsuite> <!-- com.web.automation.scripts.Ecom_VirtualApproval_Conditional -->
