<?xml version="1.0" encoding="UTF-8"?>
<!-- Generated by org.testng.reporters.JUnitReportReporter -->
<testsuite hostname="HW1346" name="com.web.automation.scripts.Ecom_VerifyBrokenLinks" tests="1" failures="0" timestamp="14 Aug 2018 04:54:18 GMT" time="809.285" errors="0">
  <testcase name="Ecom_VerifyBrokenLinks_Test" time="809.285" classname="com.web.automation.scripts.Ecom_VerifyBrokenLinks"/>
</testsuite> <!-- com.web.automation.scripts.Ecom_VerifyBrokenLinks -->
