<?xml version="1.0" encoding="UTF-8"?>
<!-- Generated by org.testng.reporters.JUnitReportReporter -->
<testsuite hostname="HW1346" name="com.web.automation.scripts.Ecom_SignUpForDeals_EmptyData" tests="1" failures="0" timestamp="24 Aug 2018 10:46:49 GMT" time="51.547" errors="0">
  <testcase name="SignUpForDeals_EmptyData" time="51.547" classname="com.web.automation.scripts.Ecom_SignUpForDeals_EmptyData"/>
</testsuite> <!-- com.web.automation.scripts.Ecom_SignUpForDeals_EmptyData -->
