<?xml version="1.0" encoding="UTF-8"?>
<!-- Generated by org.testng.reporters.JUnitReportReporter -->
<testsuite hostname="DT000547" name="com.web.HybrisAutomation.ReservationScripts.Hybris_Reservations_MonthlyPricing" tests="1" failures="0" timestamp="6 Apr 2021 10:57:10 GMT" time="91.626" errors="0">
  <testcase name="Hybris_Reservations_MonthlyPricing_Test" time="91.626" classname="com.web.HybrisAutomation.ReservationScripts.Hybris_Reservations_MonthlyPricing"/>
</testsuite> <!-- com.web.HybrisAutomation.ReservationScripts.Hybris_Reservations_MonthlyPricing -->
