<?xml version="1.0" encoding="UTF-8"?>
<!-- Generated by org.testng.reporters.JUnitReportReporter -->
<testsuite hostname="RAC-L-BPSY9G2" name="com.web.automation.scripts.LoginValidations" tests="1" failures="0" timestamp="4 Apr 2017 03:26:14 GMT" time="36.397" errors="0">
  <testcase name="Login" time="36.397" classname="com.web.automation.scripts.LoginValidations"/>
</testsuite> <!-- com.web.automation.scripts.LoginValidations -->
